<?xml version="1.0" encoding="UTF-8"?>
<testng-results ignored="0" total="1" passed="1" failed="0" skipped="0">
  <reporter-output>
  </reporter-output>
  <suite started-at="2019-11-29T22:31:54Z" name="Default suite" finished-at="2019-11-29T22:31:54Z" duration-ms="63">
    <groups>
    </groups>
    <test started-at="2019-11-29T22:31:54Z" name="Default test" finished-at="2019-11-29T22:31:54Z" duration-ms="63">
      <class name="FAQS.DEF">
        <test-method signature="main()[pri:0, instance:FAQS.DEF@568bf312]" started-at="2019-11-29T22:31:54Z" name="main" finished-at="2019-11-29T22:31:54Z" duration-ms="17" status="PASS">
          <reporter-output>
          </reporter-output>
        </test-method> <!-- main -->
      </class> <!-- FAQS.DEF -->
    </test> <!-- Default test -->
  </suite> <!-- Default suite -->
</testng-results>
